<?xml version="1.0" encoding="UTF-8"?>
<testsuite xmlns:xsi="http://www.w3.org/2001/XMLSchema-instance" xsi:noNamespaceSchemaLocation="https://maven.apache.org/surefire/maven-surefire-plugin/xsd/surefire-test-report.xsd" name="org.runner.TestRunner" time="64.045" tests="7" errors="0" skipped="0" failures="0">
  <properties>
[...]
</properties>
  <testcase name="EMPTY_NAME" classname="EMPTY_NAME" time="24.887"/>
  <testcase name="EMPTY_NAME" classname="EMPTY_NAME" time="7.927"/>
  <testcase name="EMPTY_NAME" classname="EMPTY_NAME" time="6.861"/>
  <testcase name="EMPTY_NAME" classname="EMPTY_NAME" time="6.825"/>
  <testcase name="EMPTY_NAME" classname="EMPTY_NAME" time="5.602"/>
  <testcase name="EMPTY_NAME" classname="EMPTY_NAME" time="5.761"/>
  <testcase name="EMPTY_NAME" classname="EMPTY_NAME" time="5.815"/>
</testsuite>